SCADA/ok.java
SCADA/SCADA_pkgClass.java
SCADA/HMI.java
SCADA/CenterController.java
SCADA/queryData.java
SCADA/notAllow.java
SCADA/access.java
SCADA/FieldService.java
SCADA/FieldUnit.java
SCADA/Network.java
SCADA/sendtoSingleLogin.java
SCADA/login.java
SCADA/sendToField.java
SCADA/notOk.java
SCADA/signin.java
SCADA/approved.java
SCADA/checkLogin.java
SCADA/Securitypolicy.java
SCADA/DataServer.java
MainDefaultComponent.java
SCADA/Checkpoint.java
SCADA/rejected.java
SCADA/checkPolicy.java
SCADA/SingleAccessPoint.java
SCADA/toLogin.java
SCADA/allow.java
SCADA/Rights.java
SCADA/LocalController.java
